<?xml version="1.0" encoding="UTF-8"?>
<!-- Generated by org.testng.reporters.JUnitXMLReporter -->
<testsuite hostname="LAPTOP-EUTQRU8P" ignored="0" name="Default test" tests="4" failures="0" timestamp="2024-02-19T10:59:03 IST" time="11.282" errors="0">
  <testcase name="Login_Page" time="3.11" classname="testCase.Login_Website"/>
  <testcase name="Login_Page" time="2.493" classname="testCase.Login_Website"/>
  <testcase name="Login_Page" time="2.446" classname="testCase.Login_Website"/>
  <testcase name="Login_Page" time="2.941" classname="testCase.Login_Website"/>
</testsuite> <!-- Default test -->
