<?xml version="1.0" encoding="UTF-8"?>
<!-- Generated by org.testng.reporters.JUnitXMLReporter -->
<testsuite hostname="LAPTOP-EUTQRU8P" ignored="0" name="Login Using Data Driven FrameWork" tests="4" failures="0" timestamp="2024-02-20T19:59:48 IST" time="12.535" errors="0">
  <testcase name="Login_Page" time="3.247" classname="testCase.Login_Website"/>
  <testcase name="Login_Page" time="2.768" classname="testCase.Login_Website"/>
  <testcase name="Login_Page" time="2.935" classname="testCase.Login_Website"/>
  <testcase name="Login_Page" time="3.291" classname="testCase.Login_Website"/>
</testsuite> <!-- Login Using Data Driven FrameWork -->
